[2025-11-29 18:09:40] [INFO] [hydra_x] - 
================================================================================
[2025-11-29 18:09:40] [INFO] [hydra_x] - FOUNDATION INFRASTRUCTURE VALIDATION
[2025-11-29 18:09:40] [INFO] [hydra_x] - ================================================================================
[2025-11-29 18:09:40] [INFO] [hydra_x] - 
[TEST 1/8] Loading Configuration...
[2025-11-29 18:09:40] [INFO] [hydra_x] - ✓ Configuration loaded successfully
[2025-11-29 18:09:40] [INFO] [hydra_x] -   - Exchange: bybit
[2025-11-29 18:09:40] [INFO] [hydra_x] -   - Symbols: ['BTCUSDT', 'XAUTUSDT']
[2025-11-29 18:09:40] [INFO] [hydra_x] -   - Timeframes: ['M5', 'M15', 'H1']
[2025-11-29 18:09:40] [INFO] [hydra_x] -   - Risk percent: 1.75%
[2025-11-29 18:09:40] [INFO] [hydra_x] - 
[TEST 2/8] Directory Structure...
[2025-11-29 18:09:40] [INFO] [hydra_x] - ✓ /app/hydra_x_v2_1804/modules
[2025-11-29 18:09:40] [INFO] [hydra_x] - ✓ /app/hydra_x_v2_1804/data
[2025-11-29 18:09:40] [INFO] [hydra_x] - ✓ /app/hydra_x_v2_1804/logs
[2025-11-29 18:09:40] [INFO] [hydra_x] - 
[TEST 3/8] Module Files...
[2025-11-29 18:09:40] [INFO] [hydra_x] - ✓ /app/hydra_x_v2_1804/main.py
[2025-11-29 18:09:40] [INFO] [hydra_x] - ✓ /app/hydra_x_v2_1804/utils.py
[2025-11-29 18:09:40] [INFO] [hydra_x] - ✓ /app/hydra_x_v2_1804/indicators.py
[2025-11-29 18:09:40] [INFO] [hydra_x] - ✓ /app/hydra_x_v2_1804/config.yaml
[2025-11-29 18:09:40] [INFO] [hydra_x] - ✓ /app/hydra_x_v2_1804/requirements.txt
[2025-11-29 18:09:40] [INFO] [hydra_x] - 
[TEST 4/8] Exchange Connectivity...
[2025-11-29 18:09:40] [WARNING] [hydra_x.exchange_connector] - Failed to connect to bybit: Connection test failed: bybit GET https://api.bybit.com/v5/market/instruments-info?category=spot 403 Forbidden <!DOCTYPE HTML PUBLIC "-//W3C//DTD HTML 4.01 Transitional//EN" "http://www.w3.org/TR/html4/loose.dtd">
<HTML><HEAD><META HTTP-EQUIV="Content-Type" CONTENT="text/html; charset=iso-8859-1">
<TITLE>ERROR: The request could not be satisfied</TITLE>
</HEAD><BODY>
<H1>403 ERROR</H1>
<H2>The request could not be satisfied.</H2>
<HR noshade size="1px">
The Amazon CloudFront distribution is configured to block access from your country.
We can't connect to the server for this app or website at this time. There might be too much traffic or a configuration error. Try again later, or contact the app or website owner.
<BR clear="all">
If you provide content to customers through CloudFront, you can find steps to troubleshoot and help prevent this error by reviewing the CloudFront documentation.
<BR clear="all">
<HR noshade size="1px">
<PRE>
Generated by cloudfront (CloudFront)
Request ID: tbEm4QFpo8utpUMIKQ_zVsfVf9PdIDOrTQDf2oQyYpKd9fbJ59z8TA==
</PRE>
<ADDRESS>
</ADDRESS>
</BODY></HTML>
[2025-11-29 18:09:42] [WARNING] [hydra_x.exchange_connector] - Failed to connect to okx: Connection test failed: okx does not have market symbol BTCUSDT
[2025-11-29 18:09:44] [INFO] [hydra_x.exchange_connector] - Exchange connection test successful - BTCUSDT price: 90511.99
[2025-11-29 18:09:44] [INFO] [hydra_x.exchange_connector] - Successfully connected to mexc
[2025-11-29 18:09:44] [INFO] [hydra_x] - ✓ Connected to mexc exchange
[2025-11-29 18:09:44] [INFO] [hydra_x] - 
[TEST 5/8] Historical Data Fetching...
[2025-11-29 18:09:44] [ERROR] [hydra_x.exchange_connector] - Failed to fetch OHLCV for BTCUSDT M5: invalid literal for int() with base 10: 'M'
[2025-11-29 18:09:44] [ERROR] [hydra_x.data_streamer] - Failed to fetch historical candles for BTCUSDT M5: invalid literal for int() with base 10: 'M'
[2025-11-29 18:09:44] [ERROR] [hydra_x] - ✗ Failed to fetch BTCUSDT M5
[2025-11-29 18:09:44] [ERROR] [hydra_x.exchange_connector] - Failed to fetch OHLCV for BTCUSDT M15: invalid literal for int() with base 10: 'M1'
[2025-11-29 18:09:44] [ERROR] [hydra_x.data_streamer] - Failed to fetch historical candles for BTCUSDT M15: invalid literal for int() with base 10: 'M1'
[2025-11-29 18:09:44] [ERROR] [hydra_x] - ✗ Failed to fetch BTCUSDT M15
[2025-11-29 18:09:44] [ERROR] [hydra_x.exchange_connector] - Failed to fetch OHLCV for BTCUSDT H1: invalid literal for int() with base 10: 'H'
[2025-11-29 18:09:44] [ERROR] [hydra_x.data_streamer] - Failed to fetch historical candles for BTCUSDT H1: invalid literal for int() with base 10: 'H'
[2025-11-29 18:09:44] [ERROR] [hydra_x] - ✗ Failed to fetch BTCUSDT H1
[2025-11-29 18:09:44] [ERROR] [hydra_x.exchange_connector] - Failed to fetch OHLCV for XAUTUSDT M5: invalid literal for int() with base 10: 'M'
[2025-11-29 18:09:44] [ERROR] [hydra_x.data_streamer] - Failed to fetch historical candles for XAUTUSDT M5: invalid literal for int() with base 10: 'M'
[2025-11-29 18:09:44] [ERROR] [hydra_x] - ✗ Failed to fetch XAUTUSDT M5
[2025-11-29 18:09:44] [ERROR] [hydra_x.exchange_connector] - Failed to fetch OHLCV for XAUTUSDT M15: invalid literal for int() with base 10: 'M1'
[2025-11-29 18:09:44] [ERROR] [hydra_x.data_streamer] - Failed to fetch historical candles for XAUTUSDT M15: invalid literal for int() with base 10: 'M1'
[2025-11-29 18:09:44] [ERROR] [hydra_x] - ✗ Failed to fetch XAUTUSDT M15
[2025-11-29 18:09:44] [ERROR] [hydra_x.exchange_connector] - Failed to fetch OHLCV for XAUTUSDT H1: invalid literal for int() with base 10: 'H'
[2025-11-29 18:09:44] [ERROR] [hydra_x.data_streamer] - Failed to fetch historical candles for XAUTUSDT H1: invalid literal for int() with base 10: 'H'
[2025-11-29 18:09:44] [ERROR] [hydra_x] - ✗ Failed to fetch XAUTUSDT H1
[2025-11-29 18:09:44] [INFO] [hydra_x] - 
[TEST 6/8] Data Validation...
[2025-11-29 18:09:44] [ERROR] [hydra_x] - ✗ No candles for BTCUSDT M5
[2025-11-29 18:09:44] [ERROR] [hydra_x] - ✗ No candles for BTCUSDT M15
[2025-11-29 18:09:44] [ERROR] [hydra_x] - ✗ No candles for BTCUSDT H1
[2025-11-29 18:09:44] [ERROR] [hydra_x] - ✗ No candles for XAUTUSDT M5
[2025-11-29 18:09:44] [ERROR] [hydra_x] - ✗ No candles for XAUTUSDT M15
[2025-11-29 18:09:44] [ERROR] [hydra_x] - ✗ No candles for XAUTUSDT H1
[2025-11-29 18:09:44] [INFO] [hydra_x] - 
[TEST 7/8] Logging Infrastructure...
[2025-11-29 18:09:44] [INFO] [hydra_x] - ✓ Logging infrastructure working (1 log files)
[2025-11-29 18:09:44] [INFO] [hydra_x] -   - hydra_x_2025-11-29.log
[2025-11-29 18:09:44] [INFO] [hydra_x] - 
[TEST 8/8] File Permissions...
[2025-11-29 18:09:44] [INFO] [hydra_x] - ✓ File permissions OK (can write to data directory)
[2025-11-29 18:09:44] [INFO] [hydra_x] - 
================================================================================
[2025-11-29 18:09:44] [INFO] [hydra_x] - VALIDATION RESULT: FAIL
[2025-11-29 18:09:44] [INFO] [hydra_x] - ================================================================================

[2025-11-29 18:09:44] [INFO] [hydra_x] - Validation report saved to: /app/hydra_x_v2_1804/data/foundation_validation_report.json
[2025-11-29 18:10:16] [INFO] [hydra_x] - 
================================================================================
[2025-11-29 18:10:16] [INFO] [hydra_x] - FOUNDATION INFRASTRUCTURE VALIDATION - v2
[2025-11-29 18:10:16] [INFO] [hydra_x] - ================================================================================
[2025-11-29 18:10:16] [INFO] [hydra_x] - 
[TEST 1/8] Loading Configuration...
[2025-11-29 18:10:16] [INFO] [hydra_x] - ✓ Configuration loaded successfully
[2025-11-29 18:10:16] [INFO] [hydra_x] -   - Exchange: bybit
[2025-11-29 18:10:16] [INFO] [hydra_x] -   - Symbols: ['BTCUSDT', 'XAUTUSDT']
[2025-11-29 18:10:16] [INFO] [hydra_x] -   - Timeframes: ['M5', 'M15', 'H1']
[2025-11-29 18:10:16] [INFO] [hydra_x] -   - Risk percent: 1.75%
[2025-11-29 18:10:16] [INFO] [hydra_x] - 
[TEST 2/8] Directory Structure...
[2025-11-29 18:10:16] [INFO] [hydra_x] - ✓ /app/hydra_x_v2_1804/modules
[2025-11-29 18:10:16] [INFO] [hydra_x] - ✓ /app/hydra_x_v2_1804/data
[2025-11-29 18:10:16] [INFO] [hydra_x] - ✓ /app/hydra_x_v2_1804/logs
[2025-11-29 18:10:16] [INFO] [hydra_x] - 
[TEST 3/8] Module Files...
[2025-11-29 18:10:16] [INFO] [hydra_x] - ✓ /app/hydra_x_v2_1804/main.py
[2025-11-29 18:10:16] [INFO] [hydra_x] - ✓ /app/hydra_x_v2_1804/utils.py
[2025-11-29 18:10:16] [INFO] [hydra_x] - ✓ /app/hydra_x_v2_1804/indicators.py
[2025-11-29 18:10:16] [INFO] [hydra_x] - ✓ /app/hydra_x_v2_1804/config.yaml
[2025-11-29 18:10:16] [INFO] [hydra_x] - ✓ /app/hydra_x_v2_1804/requirements.txt
[2025-11-29 18:10:16] [INFO] [hydra_x] - 
[TEST 4/8] Exchange Connectivity...
[2025-11-29 18:10:16] [WARNING] [hydra_x.exchange_connector] - Failed to connect to bybit: Connection test failed: bybit GET https://api.bybit.com/v5/market/instruments-info?category=spot 403 Forbidden <!DOCTYPE HTML PUBLIC "-//W3C//DTD HTML 4.01 Transitional//EN" "http://www.w3.org/TR/html4/loose.dtd">
<HTML><HEAD><META HTTP-EQUIV="Content-Type" CONTENT="text/html; charset=iso-8859-1">
<TITLE>ERROR: The request could not be satisfied</TITLE>
</HEAD><BODY>
<H1>403 ERROR</H1>
<H2>The request could not be satisfied.</H2>
<HR noshade size="1px">
The Amazon CloudFront distribution is configured to block access from your country.
We can't connect to the server for this app or website at this time. There might be too much traffic or a configuration error. Try again later, or contact the app or website owner.
<BR clear="all">
If you provide content to customers through CloudFront, you can find steps to troubleshoot and help prevent this error by reviewing the CloudFront documentation.
<BR clear="all">
<HR noshade size="1px">
<PRE>
Generated by cloudfront (CloudFront)
Request ID: qIrO0jsqMJCPtatUsBGo6ug8yMOOhu6ey6by6HKa-XJAknmLp73viQ==
</PRE>
<ADDRESS>
</ADDRESS>
</BODY></HTML>
[2025-11-29 18:10:18] [WARNING] [hydra_x.exchange_connector] - Failed to connect to okx: Connection test failed: okx does not have market symbol BTCUSDT
[2025-11-29 18:10:20] [INFO] [hydra_x.exchange_connector] - Exchange connection test successful - BTCUSDT price: 90509.46
[2025-11-29 18:10:20] [INFO] [hydra_x.exchange_connector] - Successfully connected to mexc
[2025-11-29 18:10:20] [INFO] [hydra_x] - ✓ Connected to mexc exchange
[2025-11-29 18:10:20] [INFO] [hydra_x] - 
[TEST 5/8] Historical Data Fetching...
[2025-11-29 18:10:20] [INFO] [hydra_x.data_streamer] - Loaded 100 candles for BTCUSDT M5
[2025-11-29 18:10:20] [INFO] [hydra_x] - ✓ BTCUSDT M5: 100 candles cached
[2025-11-29 18:10:20] [INFO] [hydra_x.data_streamer] - Loaded 100 candles for BTCUSDT M15
[2025-11-29 18:10:20] [INFO] [hydra_x] - ✓ BTCUSDT M15: 100 candles cached
[2025-11-29 18:10:20] [INFO] [hydra_x.data_streamer] - Loaded 100 candles for BTCUSDT H1
[2025-11-29 18:10:20] [INFO] [hydra_x] - ✓ BTCUSDT H1: 100 candles cached
[2025-11-29 18:10:20] [INFO] [hydra_x.data_streamer] - Loaded 100 candles for XAUTUSDT M5
[2025-11-29 18:10:20] [INFO] [hydra_x] - ✓ XAUTUSDT M5: 100 candles cached
[2025-11-29 18:10:20] [INFO] [hydra_x.data_streamer] - Loaded 100 candles for XAUTUSDT M15
[2025-11-29 18:10:20] [INFO] [hydra_x] - ✓ XAUTUSDT M15: 100 candles cached
[2025-11-29 18:10:21] [INFO] [hydra_x.data_streamer] - Loaded 100 candles for XAUTUSDT H1
[2025-11-29 18:10:21] [INFO] [hydra_x] - ✓ XAUTUSDT H1: 100 candles cached
[2025-11-29 18:10:21] [INFO] [hydra_x] - 
[TEST 6/8] Data Validation...
[2025-11-29 18:10:21] [INFO] [hydra_x] - ✓ BTCUSDT M5: Latest close = 90502.96
[2025-11-29 18:10:21] [INFO] [hydra_x] - ✓ BTCUSDT M15: Latest close = 90502.96
[2025-11-29 18:10:21] [INFO] [hydra_x] - ✓ BTCUSDT H1: Latest close = 90502.96
[2025-11-29 18:10:21] [INFO] [hydra_x] - ✓ XAUTUSDT M5: Latest close = 4219.80
[2025-11-29 18:10:21] [INFO] [hydra_x] - ✓ XAUTUSDT M15: Latest close = 4219.80
[2025-11-29 18:10:21] [INFO] [hydra_x] - ✓ XAUTUSDT H1: Latest close = 4219.80
[2025-11-29 18:10:21] [INFO] [hydra_x] - 
[TEST 7/8] Logging Infrastructure...
[2025-11-29 18:10:21] [INFO] [hydra_x] - ✓ Logging infrastructure working (1 log files)
[2025-11-29 18:10:21] [INFO] [hydra_x] -   - hydra_x_2025-11-29.log
[2025-11-29 18:10:21] [INFO] [hydra_x] - 
[TEST 8/8] File Permissions...
[2025-11-29 18:10:21] [INFO] [hydra_x] - ✓ File permissions OK (can write to data directory)
[2025-11-29 18:10:21] [INFO] [hydra_x] - 
================================================================================
[2025-11-29 18:10:21] [INFO] [hydra_x] - VALIDATION RESULT: PASS
[2025-11-29 18:10:21] [INFO] [hydra_x] - ================================================================================

[2025-11-29 18:10:21] [INFO] [hydra_x] - Validation report saved to: /app/hydra_x_v2_1804/data/foundation_validation_report.json
